A51 MACRO ASSEMBLER  MAIN                                                                 03/19/2024 18:49:16 PAGE     1


MACRO ASSEMBLER A51 V8.2.7.0
OBJECT MODULE PLACED IN .\Objects\main.obj
ASSEMBLER INVOKED BY: D:\Keil_v5\C51\BIN\A51.EXE main.a51 SET(SMALL) DEBUG PRINT(.\Listings\main.lst) OBJECT(.\Objects\m
                      ain.obj) EP

LOC  OBJ            LINE     SOURCE

0000                   1     org 0000h
0000 020500            2     ljmp main
                       3     
0500                   4     org 0500h
0500                   5     main:
0500 902000            6     mov dptr,#2000h
0503 74AB              7     mov a, #0abh
0505 F0                8     movx @dptr,a
                       9     ;------
0506 E0               10     movx a, @dptr
0507 780F             11     mov r0, #0fh
0509 58               12     anl a,r0
050A 902001           13     mov dptr, #2001h
050D F0               14     movx @dptr,a
050E 902000           15     mov dptr, #2000h
0511 E0               16     movx a,@dptr
0512 902002           17     mov dptr, #2002h
0515 C4               18     swap a
0516 58               19     anl a,r0
0517 F0               20     movx @dptr,a
0518 80FE             21     ender: sjmp ender
                      22     end
A51 MACRO ASSEMBLER  MAIN                                                                 03/19/2024 18:49:16 PAGE     2

SYMBOL TABLE LISTING
------ ----- -------


N A M E             T Y P E  V A L U E   ATTRIBUTES

ENDER. . . . . . .  C ADDR   0518H   A   
MAIN . . . . . . .  C ADDR   0500H   A   


REGISTER BANK(S) USED: 0 


ASSEMBLY COMPLETE.  0 WARNING(S), 0 ERROR(S)
